{"C:\\Users\\lmuns\\Desktop\\unitTest\\card.js": {"path":"C:\\Users\\lmuns\\Desktop\\unitTest\\card.js","statementMap":{"0":{"start":{"line":1,"column":13},"end":{"line":9,"column":1}},"1":{"start":{"line":2,"column":21},"end":{"line":2,"column":38}},"2":{"start":{"line":3,"column":2},"end":{"line":5,"column":3}},"3":{"start":{"line":4,"column":4},"end":{"line":4,"column":33}},"4":{"start":{"line":6,"column":25},"end":{"line":6,"column":45}},"5":{"start":{"line":7,"column":25},"end":{"line":7,"column":51}},"6":{"start":{"line":8,"column":2},"end":{"line":8,"column":46}},"7":{"start":{"line":11,"column":0},"end":{"line":11,"column":22}}},"fnMap":{"0":{"name":"(anonymous_0)","decl":{"start":{"line":1,"column":13},"end":{"line":1,"column":14}},"loc":{"start":{"line":1,"column":29},"end":{"line":9,"column":1}},"line":1}},"branchMap":{"0":{"loc":{"start":{"line":3,"column":2},"end":{"line":5,"column":3}},"type":"if","locations":[{"start":{"line":3,"column":2},"end":{"line":5,"column":3}},{"start":{},"end":{}}],"line":3},"1":{"loc":{"start":{"line":3,"column":6},"end":{"line":3,"column":40}},"type":"binary-expr","locations":[{"start":{"line":3,"column":6},"end":{"line":3,"column":21}},{"start":{"line":3,"column":25},"end":{"line":3,"column":40}}],"line":3}},"s":{"0":1,"1":10,"2":10,"3":4,"4":6,"5":6,"6":6,"7":1},"f":{"0":10},"b":{"0":[4,6],"1":[10,7]},"_coverageSchema":"1a1c01bbd47fc00a2c39e90264f33305004495a9","hash":"225dc411d6892e70945f2f800841f2304ca687de"}
}
